[2012-06-21 01:51:59] [INFO] ConvertPathToURI: SiteRoot=d:/proyectos/einsNull/cmsDemo/src/, Path: D:/proyectos/einsNull/cmsDemo/src/uploads/21_/11052011090.jpg -> URI: /uploads/21_/11052011090.jpg
[2012-06-21 01:53:54] [INFO] ConvertPathToURI: SiteRoot=d:/proyectos/einsNull/cmsDemo/src/, Path: D:/proyectos/einsNull/cmsDemo/src/uploads/21_/BAJATEMP_amcd071658.pdf -> URI: /uploads/21_/BAJATEMP_amcd071658.pdf
[2012-06-21 01:54:07] [INFO] ConvertPathToURI: SiteRoot=d:/proyectos/einsNull/cmsDemo/src/, Path: D:/proyectos/einsNull/cmsDemo/src/uploads/21_/BAJATEMP_amcd071658.pdf -> URI: /uploads/21_/BAJATEMP_amcd071658.pdf
[2012-06-21 01:54:30] [INFO] ConvertPathToURI: SiteRoot=d:/proyectos/einsNull/cmsDemo/src/, Path: D:/proyectos/einsNull/cmsDemo/src/uploads/21_/BAJATEMP_amcd071658.pdf -> URI: /uploads/21_/BAJATEMP_amcd071658.pdf
[2012-06-21 01:54:46] [INFO] ConvertPathToURI: SiteRoot=d:/proyectos/einsNull/cmsDemo/src/, Path: D:/proyectos/einsNull/cmsDemo/src/uploads/21_/11052011090.jpg -> URI: /uploads/21_/11052011090.jpg
[2012-06-21 01:54:51] [INFO] ConvertPathToURI: SiteRoot=d:/proyectos/einsNull/cmsDemo/src/, Path: D:/proyectos/einsNull/cmsDemo/src/uploads/21_/BAJATEMP_amcd071658.pdf -> URI: /uploads/21_/BAJATEMP_amcd071658.pdf
[2012-06-21 01:57:06] [INFO] ConvertPathToURI: SiteRoot=d:/proyectos/einsNull/cmsDemo/src/, Path: D:/proyectos/einsNull/cmsDemo/src/uploads/21_/11052011090.jpg -> URI: /uploads/21_/11052011090.jpg
[2012-06-21 01:57:20] [INFO] ConvertPathToURI: SiteRoot=d:/proyectos/einsNull/cmsDemo/src/, Path: D:/proyectos/einsNull/cmsDemo/src/uploads/21_/BAJATEMP_amcd071658.pdf -> URI: /uploads/21_/BAJATEMP_amcd071658.pdf
[2012-06-21 01:57:22] [INFO] ConvertPathToURI: SiteRoot=d:/proyectos/einsNull/cmsDemo/src/, Path: D:/proyectos/einsNull/cmsDemo/src/uploads/21_/BAJATEMP_amcd071658.pdf -> URI: /uploads/21_/BAJATEMP_amcd071658.pdf
[2012-06-21 02:23:02] [INFO] ConvertPathToURI: SiteRoot=d:/proyectos/einsNull/cmsDemo/src/, Path: D:/proyectos/einsNull/cmsDemo/src/Trans/Informes/Imagen001.jpg -> URI: /Trans/Informes/Imagen001.jpg
[2012-06-21 02:23:41] [INFO] ConvertPathToURI: SiteRoot=d:/proyectos/einsNull/cmsDemo/src/, Path: D:/proyectos/einsNull/cmsDemo/src/Trans/Informes/pediments1052.xls -> URI: /Trans/Informes/pediments1052.xls
[2012-06-21 02:25:33] [INFO] ConvertPathToURI: SiteRoot=d:/proyectos/einsNull/cmsDemo/src/, Path: D:/proyectos/einsNull/cmsDemo/src/Trans/Informes/pedimento1052.xlsx -> URI: /Trans/Informes/pedimento1052.xlsx
[2012-06-21 02:31:39] [INFO] ConvertPathToURI: SiteRoot=d:/proyectos/einsNull/cmsDemo/src/, Path: D:/proyectos/einsNull/cmsDemo/src/Trans/Informes/FAF252.pdf -> URI: /Trans/Informes/FAF252.pdf
[2012-06-21 02:33:38] [INFO] ConvertPathToURI: SiteRoot=d:/proyectos/einsNull/cmsDemo/src/, Path: D:/proyectos/einsNull/cmsDemo/src/Trans/Informes/FAF252.pdf -> URI: /Trans/Informes/FAF252.pdf
[2012-06-21 22:57:36] [INFO] ConvertPathToURI: SiteRoot=d:/proyectos/einsNull/cmsDemo/src/, Path: D:/proyectos/einsNull/cmsDemo/src/Trans/Informes/recupera_2011 -> URI: /Trans/Informes/recupera_2011
[2012-06-21 22:59:24] [INFO] ConvertPathToURI: SiteRoot=d:/proyectos/einsNull/cmsDemo/src/, Path: D:/proyectos/einsNull/cmsDemo/src/Trans/Informes/recupera_2011 -> URI: /Trans/Informes/recupera_2011
[2012-06-21 22:59:51] [INFO] ConvertPathToURI: SiteRoot=d:/proyectos/einsNull/cmsDemo/src/, Path: D:/proyectos/einsNull/cmsDemo/src/Trans/Informes/recupera_2010 -> URI: /Trans/Informes/recupera_2010
[2012-06-21 23:01:32] [INFO] ConvertPathToURI: SiteRoot=d:/proyectos/einsNull/cmsDemo/src/, Path: D:/proyectos/einsNull/cmsDemo/src/Trans/Informes/recupera_2011 -> URI: /Trans/Informes/recupera_2011
[2012-06-21 23:01:39] [INFO] ConvertPathToURI: SiteRoot=d:/proyectos/einsNull/cmsDemo/src/, Path: D:/proyectos/einsNull/cmsDemo/src/Trans/Informes/recupera_2010 -> URI: /Trans/Informes/recupera_2010
[2012-06-21 23:05:14] [INFO] ConvertPathToURI: SiteRoot=d:/proyectos/einsNull/cmsDemo/src/, Path: D:/proyectos/einsNull/cmsDemo/src/Trans/Informes/recupera_2010 -> URI: /Trans/Informes/recupera_2010
[2012-06-21 23:09:13] [INFO] ConvertPathToURI: SiteRoot=d:/proyectos/einsNull/cmsDemo/src/, Path: D:/proyectos/einsNull/cmsDemo/src/Trans/Informes/recupera_2010 -> URI: /Trans/Informes/recupera_2010
[2012-06-21 23:11:05] [INFO] ConvertPathToURI: SiteRoot=d:/proyectos/einsNull/cmsDemo/src/, Path: D:/proyectos/einsNull/cmsDemo/src/Trans/Informes/recupera_2010 -> URI: /Trans/Informes/recupera_2010
[2012-06-21 23:12:50] [INFO] ConvertPathToURI: SiteRoot=d:/proyectos/einsNull/cmsDemo/src/, Path: D:/proyectos/einsNull/cmsDemo/src/Trans/Informes/recupera_2011 -> URI: /Trans/Informes/recupera_2011
[2012-06-21 23:20:47] [INFO] ConvertPathToURI: SiteRoot=d:/proyectos/einsNull/cmsDemo/src/, Path: D:/proyectos/einsNull/cmsDemo/src/Trans/Informes/2008-1.xls -> URI: /Trans/Informes/2008-1.xls
[2012-06-21 23:20:54] [INFO] ConvertPathToURI: SiteRoot=d:/proyectos/einsNull/cmsDemo/src/, Path: D:/proyectos/einsNull/cmsDemo/src/Trans/Informes/auditorias2010 -> URI: /Trans/Informes/auditorias2010
[2012-06-21 23:20:56] [INFO] ConvertPathToURI: SiteRoot=d:/proyectos/einsNull/cmsDemo/src/, Path: D:/proyectos/einsNull/cmsDemo/src/Trans/Informes/recupera_2010 -> URI: /Trans/Informes/recupera_2010
[2012-06-21 23:22:17] [INFO] ConvertPathToURI: SiteRoot=d:/proyectos/einsNull/cmsDemo/src/, Path: D:/proyectos/einsNull/cmsDemo/src/Trans/Informes/auditorias2010 -> URI: /Trans/Informes/auditorias2010
[2012-06-21 23:22:17] [INFO] ConvertPathToURI: SiteRoot=d:/proyectos/einsNull/cmsDemo/src/, Path: D:/proyectos/einsNull/cmsDemo/src/Trans/Informes/recupera_2010 -> URI: Trans/Informes/recupera_2010
[2012-06-21 23:23:57] [INFO] ConvertPathToURI: SiteRoot=d:/proyectos/einsNull/cmsDemo/src/, Path: D:/proyectos/einsNull/cmsDemo/src/Trans/Informes/recupera_2010 -> URI: /Trans/Informes/recupera_2010
[2012-06-21 23:26:02] [INFO] ConvertPathToURI: SiteRoot=d:/proyectos/einsNull/cmsDemo/src/, Path: D:/proyectos/einsNull/cmsDemo/src/Trans/Informes/auditorias2010 -> URI: /Trans/Informes/auditorias2010
[2012-06-21 23:26:14] [INFO] ConvertPathToURI: SiteRoot=d:/proyectos/einsNull/cmsDemo/src/, Path: D:/proyectos/einsNull/cmsDemo/src/Trans/Informes/auditorias2010/indice.htm -> URI: /Trans/Informes/auditorias2010/indice.htm
[2012-06-22 00:51:43] [INFO] ConvertPathToURI: SiteRoot=d:/proyectos/einsNull/cmsDemo/src/, Path: D:/proyectos/einsNull/cmsDemo/src/Trans/Informes/recupera_2011 -> URI: /Trans/Informes/recupera_2011
[2012-06-22 00:52:54] [INFO] ConvertPathToURI: SiteRoot=d:/proyectos/einsNull/cmsDemo/src/, Path: D:/proyectos/einsNull/cmsDemo/src/Trans/Informes/recupera_2011 -> URI: /Trans/Informes/recupera_2011
[2012-06-22 00:53:30] [INFO] ConvertPathToURI: SiteRoot=d:/proyectos/einsNull/cmsDemo/src/, Path: D:/proyectos/einsNull/cmsDemo/src/Trans/Informes/recupera_2011 -> URI: /Trans/Informes/recupera_2011
[2012-06-22 01:12:43] [INFO] ConvertPathToURI: SiteRoot=d:/proyectos/einsNull/cmsDemo/src/, Path: D:/proyectos/einsNull/cmsDemo/src/Trans/Informes/recupera_2011 -> URI: /Trans/Informes/recupera_2011
[2012-06-22 02:26:38] [INFO] ConvertPathToURI: SiteRoot=d:/proyectos/einsNull/cmsDemo/src/, Path: D:/proyectos/einsNull/cmsDemo/src/Trans/Informes/recupera_2011 -> URI: /Trans/Informes/recupera_2011
[2012-06-22 02:27:10] [INFO] ConvertPathToURI: SiteRoot=d:/proyectos/einsNull/cmsDemo/src/, Path: D:/proyectos/einsNull/cmsDemo/src/Trans/Informes/recupera_2011 -> URI: /Trans/Informes/recupera_2011
[2012-06-22 02:29:09] [INFO] ConvertPathToURI: SiteRoot=d:/proyectos/einsNull/cmsDemo/src/, Path: D:/proyectos/einsNull/cmsDemo/src/Trans/Informes/recupera_2011 -> URI: /Trans/Informes/recupera_2011
[2012-06-22 02:30:50] [INFO] ConvertPathToURI: SiteRoot=d:/proyectos/einsNull/cmsDemo/src/, Path: D:/proyectos/einsNull/cmsDemo/src/Trans/Informes/recupera_2011 -> URI: /Trans/Informes/recupera_2011
[2012-06-22 02:37:05] [INFO] ConvertPathToURI: SiteRoot=d:/proyectos/einsNull/cmsDemo/src/, Path: D:/proyectos/einsNull/cmsDemo/src/Trans/Informes/recupera_2011 -> URI: /Trans/Informes/recupera_2011
[2012-06-22 02:43:59] [INFO] ConvertPathToURI: SiteRoot=d:/proyectos/einsNull/cmsDemo/src/, Path: D:/proyectos/einsNull/cmsDemo/src/Trans/Informes/recupera_2011 -> URI: /Trans/Informes/recupera_2011
[2012-06-22 02:47:40] [INFO] ConvertPathToURI: SiteRoot=d:/proyectos/einsNull/cmsDemo/src/, Path: D:/proyectos/einsNull/cmsDemo/src/Trans/Informes/recupera_2011 -> URI: /Trans/Informes/recupera_2011
[2012-06-22 02:49:02] [INFO] ConvertPathToURI: SiteRoot=d:/proyectos/einsNull/cmsDemo/src/, Path: D:/proyectos/einsNull/cmsDemo/src/Trans/Informes/recupera_2011 -> URI: /Trans/Informes/recupera_2011
[2012-06-22 02:54:23] [INFO] ConvertPathToURI: SiteRoot=d:/proyectos/einsNull/cmsDemo/src/, Path: D:/proyectos/einsNull/cmsDemo/src/Trans/Informes/recupera_2011 -> URI: /Trans/Informes/recupera_2011
[2012-06-22 02:55:18] [INFO] ConvertPathToURI: SiteRoot=d:/proyectos/einsNull/cmsDemo/src/, Path: D:/proyectos/einsNull/cmsDemo/src/Trans/Informes/recupera_2011 -> URI: /Trans/Informes/recupera_2011
[2012-06-22 02:57:56] [INFO] ConvertPathToURI: SiteRoot=d:/proyectos/einsNull/cmsDemo/src/, Path: D:/proyectos/einsNull/cmsDemo/src/Trans/Informes/recupera_2011 -> URI: /Trans/Informes/recupera_2011
[2012-06-22 03:14:17] [INFO] ConvertPathToURI: SiteRoot=d:/proyectos/einsNull/cmsDemo/src/, Path: D:/proyectos/einsNull/cmsDemo/src/Trans/Informes/recupera_2011 -> URI: /Trans/Informes/recupera_2011
[2012-06-22 03:17:12] [INFO] ConvertPathToURI: SiteRoot=d:/proyectos/einsNull/cmsDemo/src/, Path: D:/proyectos/einsNull/cmsDemo/src/Trans/Informes/recupera_2011 -> URI: /Trans/Informes/recupera_2011
[2012-06-22 03:21:35] [INFO] ConvertPathToURI: SiteRoot=d:/proyectos/einsNull/cmsDemo/src/, Path: D:/proyectos/einsNull/cmsDemo/src/Trans/Informes/recupera_2010 -> URI: /Trans/Informes/recupera_2010
[2012-06-22 03:29:04] [INFO] ConvertPathToURI: SiteRoot=d:/proyectos/einsNull/cmsDemo/src/, Path: D:/proyectos/einsNull/cmsDemo/src/Trans/Informes/recupera_2010 -> URI: /Trans/Informes/recupera_2010
[2012-06-22 03:46:49] [INFO] ConvertPathToURI: SiteRoot=d:/proyectos/einsNull/cmsDemo/src/, Path: D:/proyectos/einsNull/cmsDemo/src/Trans/Informes/recupera_2010 -> URI: /Trans/Informes/recupera_2010
[2012-06-22 04:39:55] [INFO] ConvertPathToURI: SiteRoot=d:/proyectos/einsNull/cmsDemo/src/, Path: D:/proyectos/einsNull/cmsDemo/src/App_Data -> URI: /App_Data
[2012-06-22 04:40:47] [INFO] ConvertPathToURI: SiteRoot=d:/proyectos/einsNull/cmsDemo/src/, Path: D:/proyectos/einsNull/cmsDemo/src/controller -> URI: /controller
[2012-06-22 04:43:49] [INFO] ConvertPathToURI: SiteRoot=d:/proyectos/einsNull/cmsDemo/src/, Path: D:/proyectos/einsNull/cmsDemo/src/doc/recupera_2011/Recuperaciones2010.pdf -> URI: /doc/recupera_2011/Recuperaciones2010.pdf
[2012-06-22 04:45:42] [INFO] ConvertPathToURI: SiteRoot=d:/proyectos/einsNull/cmsDemo/src/, Path: D:/proyectos/einsNull/cmsDemo/src/Trans/Informes/auditorias2010 -> URI: /Trans/Informes/auditorias2010
[2012-06-22 04:46:44] [INFO] ConvertPathToURI: SiteRoot=d:/proyectos/einsNull/cmsDemo/src/, Path: D:/proyectos/einsNull/cmsDemo/src/Trans/Informes/recupera_2010 -> URI: /Trans/Informes/recupera_2010
[2012-06-22 04:47:13] [INFO] ConvertPathToURI: SiteRoot=d:/proyectos/einsNull/cmsDemo/src/, Path: D:/proyectos/einsNull/cmsDemo/src/Trans/Informes/recupera_2010 -> URI: /Trans/Informes/recupera_2010
[2012-06-22 04:47:57] [INFO] ConvertPathToURI: SiteRoot=d:/proyectos/einsNull/cmsDemo/src/, Path: D:/proyectos/einsNull/cmsDemo/src/Trans/Informes/auditorias2010 -> URI: /Trans/Informes/auditorias2010
[2012-06-22 04:59:28] [INFO] ConvertPathToURI: SiteRoot=d:/proyectos/einsNull/cmsDemo/src/, Path: D:/proyectos/einsNull/cmsDemo/src/Trans/Informes/recupera_2011 -> URI: /Trans/Informes/recupera_2011
[2012-06-22 05:02:04] [INFO] ConvertPathToURI: SiteRoot=d:/proyectos/einsNull/cmsDemo/src/, Path: D:/proyectos/einsNull/cmsDemo/src/Trans/Informes/recupera_2010 -> URI: /Trans/Informes/recupera_2010
[2012-06-22 09:44:16] [INFO] ConvertPathToURI: SiteRoot=d:/proyectos/einsNull/cmsDemo/src/, Path: D:/proyectos/einsNull/cmsDemo/src/Trans/Informes/recupera_2010 -> URI: /Trans/Informes/recupera_2010
[2012-06-22 11:14:22] [INFO] ConvertPathToURI: SiteRoot=d:/proyectos/einsNull/cmsDemo/src/, Path: D:/proyectos/einsNull/cmsDemo/src/Trans/Informes/auditorias2010 -> URI: /Trans/Informes/auditorias2010
[2012-06-22 11:21:07] [INFO] ConvertPathToURI: SiteRoot=d:/proyectos/einsNull/cmsDemo/src/, Path: D:/proyectos/einsNull/cmsDemo/src/Trans/Informes/recupera_2011 -> URI: /Trans/Informes/recupera_2011
[2012-06-22 11:23:13] [INFO] ConvertPathToURI: SiteRoot=d:/proyectos/einsNull/cmsDemo/src/, Path: D:/proyectos/einsNull/cmsDemo/src/Trans/Informes/recupera_2011 -> URI: /Trans/Informes/recupera_2011
[2012-06-22 11:24:03] [INFO] ConvertPathToURI: SiteRoot=d:/proyectos/einsNull/cmsDemo/src/, Path: D:/proyectos/einsNull/cmsDemo/src/Trans/Informes/recupera_2010 -> URI: /Trans/Informes/recupera_2010
[2012-06-22 11:28:28] [INFO] ConvertPathToURI: SiteRoot=d:/proyectos/einsNull/cmsDemo/src/, Path: D:/proyectos/einsNull/cmsDemo/src/Trans/Informes/recupera_2011 -> URI: /Trans/Informes/recupera_2011
[2012-06-22 11:38:56] [INFO] ConvertPathToURI: SiteRoot=d:/proyectos/einsNull/cmsDemo/src/, Path: D:/proyectos/einsNull/cmsDemo/src/Trans/Informes/recupera_2011 -> URI: /Trans/Informes/recupera_2011
[2012-06-26 00:40:36] [INFO] ConvertPathToURI: SiteRoot=d:/proyectos/einsNull/cmsDemo/src/, Path: D:/proyectos/einsNull/cmsDemo/src/uploads/58_/cv-erik-poehler-de.pdf -> URI: /uploads/58_/cv-erik-poehler-de.pdf
[2012-06-26 00:42:05] [INFO] ConvertPathToURI: SiteRoot=d:/proyectos/einsNull/cmsDemo/src/, Path: D:/proyectos/einsNull/cmsDemo/src/uploads/32_Auditorias_de_Desempeno/examenSr.doc -> URI: /uploads/32_Auditorias_de_Desempeno/examenSr.doc
[2012-06-26 00:43:33] [INFO] ConvertPathToURI: SiteRoot=d:/proyectos/einsNull/cmsDemo/src/, Path: D:/proyectos/einsNull/cmsDemo/src/Trans/Informes/examenSr.doc -> URI: /Trans/Informes/examenSr.doc
[2012-07-09 15:01:00] [INFO] ConvertPathToURI: SiteRoot=d:/proyectos/einsNull/cmsDemo/src/, Path: D:/proyectos/einsNull/cmsDemo/src/Trans/Informes/auditorias2010/Auditorias -> URI: /Trans/Informes/auditorias2010/Auditorias
[2012-07-09 15:01:08] [INFO] ConvertPathToURI: SiteRoot=d:/proyectos/einsNull/cmsDemo/src/, Path: D:/proyectos/einsNull/cmsDemo/src/Trans/Informes/2010.xlsx -> URI: /Trans/Informes/2010.xlsx
[2012-07-09 15:08:02] [INFO] ConvertPathToURI: SiteRoot=d:/proyectos/einsNull/cmsDemo/src/, Path: D:/proyectos/einsNull/cmsDemo/src/Trans/Informes/auditorias2010/js -> URI: /Trans/Informes/auditorias2010/js
[2012-07-09 15:08:07] [INFO] ConvertPathToURI: SiteRoot=d:/proyectos/einsNull/cmsDemo/src/, Path: D:/proyectos/einsNull/cmsDemo/src/Trans/Informes/auditorias2010/Auditorias -> URI: /Trans/Informes/auditorias2010/Auditorias
[2012-07-09 15:08:12] [INFO] ConvertPathToURI: SiteRoot=d:/proyectos/einsNull/cmsDemo/src/, Path: D:/proyectos/einsNull/cmsDemo/src/Trans/Informes/2010.xlsx -> URI: /Trans/Informes/2010.xlsx
[2012-07-09 15:09:20] [INFO] ConvertPathToURI: SiteRoot=d:/proyectos/einsNull/cmsDemo/src/, Path: D:/proyectos/einsNull/cmsDemo/src/Trans/Informes/auditorias2010/Auditorias -> URI: /Trans/Informes/auditorias2010/Auditorias
[2012-07-09 15:09:24] [INFO] ConvertPathToURI: SiteRoot=d:/proyectos/einsNull/cmsDemo/src/, Path: D:/proyectos/einsNull/cmsDemo/src/Trans/Informes/pedimento1052.xlsx -> URI: /Trans/Informes/pedimento1052.xlsx
[2012-07-09 23:44:46] [INFO] ConvertPathToURI: SiteRoot=d:/proyectos/einsNull/cmsDemo/src/, Path: D:/proyectos/einsNull/cmsDemo/src/Trans/Informes/auditorias2010/Auditorias -> URI: /Trans/Informes/auditorias2010/Auditorias
[2012-07-09 23:44:49] [INFO] ConvertPathToURI: SiteRoot=d:/proyectos/einsNull/cmsDemo/src/, Path: D:/proyectos/einsNull/cmsDemo/src/Trans/Informes/2010.xlsx -> URI: /Trans/Informes/2010.xlsx
[2012-07-09 23:47:52] [INFO] ConvertPathToURI: SiteRoot=d:/proyectos/einsNull/cmsDemo/src/, Path: D:/proyectos/einsNull/cmsDemo/src/Trans/Informes/2010.xlsx -> URI: /Trans/Informes/2010.xlsx
[2012-07-09 23:48:02] [INFO] ConvertPathToURI: SiteRoot=d:/proyectos/einsNull/cmsDemo/src/, Path: D:/proyectos/einsNull/cmsDemo/src/Trans/Informes/auditorias2010/Auditorias -> URI: /Trans/Informes/auditorias2010/Auditorias
[2012-07-09 23:51:30] [INFO] ConvertPathToURI: SiteRoot=d:/proyectos/einsNull/cmsDemo/src/, Path: D:/proyectos/einsNull/cmsDemo/src/Trans/Informes/auditorias2010/Auditorias -> URI: /Trans/Informes/auditorias2010/Auditorias
[2012-07-09 23:51:33] [INFO] ConvertPathToURI: SiteRoot=d:/proyectos/einsNull/cmsDemo/src/, Path: D:/proyectos/einsNull/cmsDemo/src/Trans/Informes/2010.xlsx -> URI: /Trans/Informes/2010.xlsx
[2012-07-09 23:56:17] [INFO] ConvertPathToURI: SiteRoot=d:/proyectos/einsNull/cmsDemo/src/, Path: D:/proyectos/einsNull/cmsDemo/src/Trans/Informes/auditorias2010/Auditorias -> URI: /Trans/Informes/auditorias2010/Auditorias
[2012-07-09 23:56:20] [INFO] ConvertPathToURI: SiteRoot=d:/proyectos/einsNull/cmsDemo/src/, Path: D:/proyectos/einsNull/cmsDemo/src/Trans/Informes/2010.xlsx -> URI: /Trans/Informes/2010.xlsx
[2012-07-10 00:03:50] [INFO] ConvertPathToURI: SiteRoot=d:/proyectos/einsNull/cmsDemo/src/, Path: D:/proyectos/einsNull/cmsDemo/src/Trans/Informes/auditorias2010/Auditorias -> URI: /Trans/Informes/auditorias2010/Auditorias
[2012-07-10 00:03:54] [INFO] ConvertPathToURI: SiteRoot=d:/proyectos/einsNull/cmsDemo/src/, Path: D:/proyectos/einsNull/cmsDemo/src/Trans/Informes/2010.xlsx -> URI: /Trans/Informes/2010.xlsx
[2012-07-10 00:09:02] [INFO] ConvertPathToURI: SiteRoot=d:/proyectos/einsNull/cmsDemo/src/, Path: D:/proyectos/einsNull/cmsDemo/src/Trans/Informes/2010.xls -> URI: /Trans/Informes/2010.xls
[2012-07-10 00:09:06] [INFO] ConvertPathToURI: SiteRoot=d:/proyectos/einsNull/cmsDemo/src/, Path: D:/proyectos/einsNull/cmsDemo/src/Trans/Informes/auditorias2010/Auditorias -> URI: /Trans/Informes/auditorias2010/Auditorias
[2012-07-10 00:16:59] [INFO] ConvertPathToURI: SiteRoot=d:/proyectos/einsNull/cmsDemo/src/, Path: D:/proyectos/einsNull/cmsDemo/src/Trans/Informes/auditorias2010 -> URI: /Trans/Informes/auditorias2010
[2012-07-10 00:17:06] [INFO] ConvertPathToURI: SiteRoot=d:/proyectos/einsNull/cmsDemo/src/, Path: D:/proyectos/einsNull/cmsDemo/src/Trans/Informes/2010.xls -> URI: /Trans/Informes/2010.xls
[2012-07-10 01:05:25] [INFO] ConvertPathToURI: SiteRoot=d:/proyectos/einsNull/cmsDemo/src/, Path: D:/proyectos/einsNull/cmsDemo/src/Trans/Informes/auditorias2010/Auditorias -> URI: /Trans/Informes/auditorias2010/Auditorias
[2012-07-10 01:05:29] [INFO] ConvertPathToURI: SiteRoot=d:/proyectos/einsNull/cmsDemo/src/, Path: D:/proyectos/einsNull/cmsDemo/src/Trans/Informes/2010.xls -> URI: /Trans/Informes/2010.xls
[2012-07-10 02:03:05] [INFO] ConvertPathToURI: SiteRoot=d:/proyectos/einsNull/cmsDemo/src/, Path: D:/proyectos/einsNull/cmsDemo/src/Trans/Informes/auditorias2010/Auditorias -> URI: /Trans/Informes/auditorias2010/Auditorias
[2012-07-10 02:03:12] [INFO] ConvertPathToURI: SiteRoot=d:/proyectos/einsNull/cmsDemo/src/, Path: D:/proyectos/einsNull/cmsDemo/src/Trans/Informes/2010.xls -> URI: /Trans/Informes/2010.xls
[2012-07-10 02:33:27] [INFO] ConvertPathToURI: SiteRoot=d:/proyectos/einsNull/cmsDemo/src/, Path: D:/proyectos/einsNull/cmsDemo/src/Trans/Informes/auditorias2010/Auditorias -> URI: /Trans/Informes/auditorias2010/Auditorias
[2012-07-10 02:33:33] [INFO] ConvertPathToURI: SiteRoot=d:/proyectos/einsNull/cmsDemo/src/, Path: D:/proyectos/einsNull/cmsDemo/src/Trans/Informes/2010.xls -> URI: /Trans/Informes/2010.xls
[2012-07-10 02:37:23] [INFO] ConvertPathToURI: SiteRoot=d:/proyectos/einsNull/cmsDemo/src/, Path: D:/proyectos/einsNull/cmsDemo/src/Trans/Informes/auditorias2010/Auditorias -> URI: /Trans/Informes/auditorias2010/Auditorias
[2012-07-10 02:37:33] [INFO] ConvertPathToURI: SiteRoot=d:/proyectos/einsNull/cmsDemo/src/, Path: D:/proyectos/einsNull/cmsDemo/src/Trans/Informes/2010.xls -> URI: /Trans/Informes/2010.xls
[2012-07-10 02:45:43] [INFO] ConvertPathToURI: SiteRoot=d:/proyectos/einsNull/cmsDemo/src/, Path: D:/proyectos/einsNull/cmsDemo/src/Trans/Informes/auditorias2010/Auditorias -> URI: /Trans/Informes/auditorias2010/Auditorias
[2012-07-10 02:45:47] [INFO] ConvertPathToURI: SiteRoot=d:/proyectos/einsNull/cmsDemo/src/, Path: D:/proyectos/einsNull/cmsDemo/src/Trans/Informes/2010.xls -> URI: /Trans/Informes/2010.xls
[2012-07-10 03:58:33] [INFO] ConvertPathToURI: SiteRoot=d:/proyectos/einsNull/cmsDemo/src/, Path: D:/proyectos/einsNull/cmsDemo/src/Trans/Informes/auditorias2010/Auditorias -> URI: /Trans/Informes/auditorias2010/Auditorias
[2012-07-10 03:58:38] [INFO] ConvertPathToURI: SiteRoot=d:/proyectos/einsNull/cmsDemo/src/, Path: D:/proyectos/einsNull/cmsDemo/src/Trans/Informes/2010.xls -> URI: /Trans/Informes/2010.xls
[2012-07-11 20:28:28] [INFO] ConvertPathToURI: SiteRoot=d:/proyectos/einsNull/cmsDemo/src/, Path: D:/proyectos/einsNull/cmsDemo/src/Trans/Informes/recupera_2011 -> URI: /Trans/Informes/recupera_2011
[2012-07-12 01:10:59] [INFO] ConvertPathToURI: SiteRoot=d:/proyectos/einsNull/cmsDemo/src/, Path: D:/proyectos/einsNull/cmsDemo/src/Trans/Informes/recupera_2011 -> URI: /Trans/Informes/recupera_2011
[2012-07-12 01:17:05] [INFO] ConvertPathToURI: SiteRoot=d:/proyectos/einsNull/cmsDemo/src/, Path: D:/proyectos/einsNull/cmsDemo/src/bin -> URI: /bin
[2012-07-12 01:19:13] [INFO] ConvertPathToURI: SiteRoot=d:/proyectos/einsNull/cmsDemo/src/, Path: D:/proyectos/einsNull/cmsDemo/src/Trans/Informes/recupera_2010 -> URI: /Trans/Informes/recupera_2010
[2012-07-15 21:58:52] [INFO] ConvertPathToURI: SiteRoot=d:/proyectos/einsNull/cmsDemo/src/, Path: D:/proyectos/einsNull/cmsDemo/src/uploads/169_nueva_seccionp/Baja_California_2_14_EXT2C4.png -> URI: /uploads/169_nueva_seccionp/Baja_California_2_14_EXT2C4.png
[2012-07-15 21:58:55] [INFO] ConvertPathToURI: SiteRoot=d:/proyectos/einsNull/cmsDemo/src/, Path: D:/proyectos/einsNull/cmsDemo/src/uploads/169_nueva_seccionp/Baja_California_2_14_EXT2C4.png -> URI: /uploads/169_nueva_seccionp/Baja_California_2_14_EXT2C4.png
[2012-07-15 21:59:03] [INFO] ConvertPathToURI: SiteRoot=d:/proyectos/einsNull/cmsDemo/src/, Path: D:/proyectos/einsNull/cmsDemo/src/uploads/169_nueva_seccionp/Baja_California_2_14_EXT2C4.png -> URI: /uploads/169_nueva_seccionp/Baja_California_2_14_EXT2C4.png
[2012-07-15 21:59:08] [INFO] ConvertPathToURI: SiteRoot=d:/proyectos/einsNull/cmsDemo/src/, Path: D:/proyectos/einsNull/cmsDemo/src/uploads/169_nueva_seccionp/Baja_California_2_14_EXT2C4.png -> URI: /uploads/169_nueva_seccionp/Baja_California_2_14_EXT2C4.png
[2012-07-15 21:59:39] [INFO] ConvertPathToURI: SiteRoot=d:/proyectos/einsNull/cmsDemo/src/, Path: D:/proyectos/einsNull/cmsDemo/src/uploads/169_nueva_seccionp/Baja_California_2_14_EXT2C4.png -> URI: /uploads/169_nueva_seccionp/Baja_California_2_14_EXT2C4.png
[2012-07-16 02:57:43] [INFO] ConvertPathToURI: SiteRoot=d:/proyectos/einsNull/cmsDemo/src/, Path: D:/proyectos/einsNull/cmsDemo/src/Trans/Informes/auditorias2010/Auditorias -> URI: /Trans/Informes/auditorias2010/Auditorias
[2012-07-16 02:57:55] [INFO] ConvertPathToURI: SiteRoot=d:/proyectos/einsNull/cmsDemo/src/, Path: D:/proyectos/einsNull/cmsDemo/src/Trans/Informes/2010.xls -> URI: /Trans/Informes/2010.xls
[2012-07-16 03:06:49] [INFO] ConvertPathToURI: SiteRoot=d:/proyectos/einsNull/cmsDemo/src/, Path: D:/proyectos/einsNull/cmsDemo/src/Trans/Informes/auditorias2010/Auditorias -> URI: /Trans/Informes/auditorias2010/Auditorias
[2012-07-16 03:06:56] [INFO] ConvertPathToURI: SiteRoot=d:/proyectos/einsNull/cmsDemo/src/, Path: D:/proyectos/einsNull/cmsDemo/src/Trans/Informes/2010.xls -> URI: /Trans/Informes/2010.xls
[2012-07-16 03:27:48] [INFO] ConvertPathToURI: SiteRoot=d:/proyectos/einsNull/cmsDemo/src/, Path: D:/proyectos/einsNull/cmsDemo/src/Trans/Informes/auditorias2010/Auditorias -> URI: /Trans/Informes/auditorias2010/Auditorias
[2012-07-16 03:27:53] [INFO] ConvertPathToURI: SiteRoot=d:/proyectos/einsNull/cmsDemo/src/, Path: D:/proyectos/einsNull/cmsDemo/src/Trans/Informes/2010.xls -> URI: /Trans/Informes/2010.xls
[2012-07-16 03:29:53] [INFO] ConvertPathToURI: SiteRoot=d:/proyectos/einsNull/cmsDemo/src/, Path: D:/proyectos/einsNull/cmsDemo/src/Trans/Informes/auditorias2010/Auditorias -> URI: /Trans/Informes/auditorias2010/Auditorias
[2012-07-16 03:30:03] [INFO] ConvertPathToURI: SiteRoot=d:/proyectos/einsNull/cmsDemo/src/, Path: D:/proyectos/einsNull/cmsDemo/src/Trans/Informes/2010.xlsx -> URI: /Trans/Informes/2010.xlsx
[2012-07-16 03:31:21] [INFO] ConvertPathToURI: SiteRoot=d:/proyectos/einsNull/cmsDemo/src/, Path: D:/proyectos/einsNull/cmsDemo/src/Trans/Informes/2010.xls -> URI: /Trans/Informes/2010.xls
[2012-07-18 02:16:39] [INFO] ConvertPathToURI: SiteRoot=d:/proyectos/einsNull/cmsDemo/src/, Path: D:/proyectos/einsNull/cmsDemo/src/Trans/Informes/auditorias2010 -> URI: /Trans/Informes/auditorias2010
[2012-07-18 02:16:54] [INFO] ConvertPathToURI: SiteRoot=d:/proyectos/einsNull/cmsDemo/src/, Path: D:/proyectos/einsNull/cmsDemo/src/Trans/Informes/auditorias2010/indice.htm -> URI: /Trans/Informes/auditorias2010/indice.htm
[2012-07-18 02:17:09] [INFO] ConvertPathToURI: SiteRoot=d:/proyectos/einsNull/cmsDemo/src/, Path: D:/proyectos/einsNull/cmsDemo/src/Trans/Informes/auditorias2010/Tomos/EJECUTIVO.pdf -> URI: /Trans/Informes/auditorias2010/Tomos/EJECUTIVO.pdf
[2012-07-18 02:17:40] [INFO] ConvertPathToURI: SiteRoot=d:/proyectos/einsNull/cmsDemo/src/, Path: D:/proyectos/einsNull/cmsDemo/src/Trans/Informes/auditorias2010/Auditorias -> URI: /Trans/Informes/auditorias2010/Auditorias
[2012-07-18 02:17:44] [INFO] ConvertPathToURI: SiteRoot=d:/proyectos/einsNull/cmsDemo/src/, Path: D:/proyectos/einsNull/cmsDemo/src/Trans/Informes/2010.xls -> URI: /Trans/Informes/2010.xls
[2012-07-18 22:44:46] [INFO] ConvertPathToURI: SiteRoot=d:/proyectos/einsNull/cmsDemo/src/, Path: D:/proyectos/einsNull/cmsDemo/src/Trans/Informes/2010.xls -> URI: /Trans/Informes/2010.xls
[2012-07-18 22:44:51] [INFO] ConvertPathToURI: SiteRoot=d:/proyectos/einsNull/cmsDemo/src/, Path: D:/proyectos/einsNull/cmsDemo/src/Trans/Informes/auditorias2010/Auditorias -> URI: /Trans/Informes/auditorias2010/Auditorias
[2012-07-18 22:44:51] [INFO] ConvertPathToURI: SiteRoot=d:/proyectos/einsNull/cmsDemo/src/, Path: D:/proyectos/einsNull/cmsDemo/src/Trans/Informes/2010.xls -> URI: /Trans/Informes/2010.xls
[2012-07-18 22:44:57] [INFO] ConvertPathToURI: SiteRoot=d:/proyectos/einsNull/cmsDemo/src/, Path: D:/proyectos/einsNull/cmsDemo/src/Trans/Informes/2010.xls -> URI: /Trans/Informes/2010.xls
[2012-07-18 22:44:59] [INFO] ConvertPathToURI: SiteRoot=d:/proyectos/einsNull/cmsDemo/src/, Path: D:/proyectos/einsNull/cmsDemo/src/Trans/Informes/2010.xls -> URI: /Trans/Informes/2010.xls
[2012-07-18 22:46:53] [INFO] ConvertPathToURI: SiteRoot=d:/proyectos/einsNull/cmsDemo/src/, Path: D:/proyectos/einsNull/cmsDemo/src/Trans/Informes/auditorias2010 -> URI: /Trans/Informes/auditorias2010
[2012-07-18 22:48:01] [INFO] ConvertPathToURI: SiteRoot=d:/proyectos/einsNull/cmsDemo/src/, Path: D:/proyectos/einsNull/cmsDemo/src/Trans/Informes/auditorias2010/Auditorias -> URI: /Trans/Informes/auditorias2010/Auditorias
[2012-07-18 22:48:10] [INFO] ConvertPathToURI: SiteRoot=d:/proyectos/einsNull/cmsDemo/src/, Path: D:/proyectos/einsNull/cmsDemo/src/Trans/Informes/2010.xls -> URI: /Trans/Informes/2010.xls
[2012-07-18 22:49:47] [INFO] ConvertPathToURI: SiteRoot=d:/proyectos/einsNull/cmsDemo/src/, Path: D:/proyectos/einsNull/cmsDemo/src/Trans/Informes/auditorias2010/Auditorias -> URI: /Trans/Informes/auditorias2010/Auditorias
[2012-07-18 22:49:55] [INFO] ConvertPathToURI: SiteRoot=d:/proyectos/einsNull/cmsDemo/src/, Path: D:/proyectos/einsNull/cmsDemo/src/Trans/Informes/2010.xls -> URI: /Trans/Informes/2010.xls
[2012-07-18 22:50:16] [INFO] ConvertPathToURI: SiteRoot=d:/proyectos/einsNull/cmsDemo/src/, Path: D:/proyectos/einsNull/cmsDemo/src/Trans/Informes/auditorias2010/Auditorias -> URI: /Trans/Informes/auditorias2010/Auditorias
[2012-07-18 22:50:23] [INFO] ConvertPathToURI: SiteRoot=d:/proyectos/einsNull/cmsDemo/src/, Path: D:/proyectos/einsNull/cmsDemo/src/Trans/Informes/2010.xls -> URI: /Trans/Informes/2010.xls
[2012-07-18 22:50:28] [INFO] ConvertPathToURI: SiteRoot=d:/proyectos/einsNull/cmsDemo/src/, Path: D:/proyectos/einsNull/cmsDemo/src/Trans/Informes/auditorias2010/Auditorias -> URI: /Trans/Informes/auditorias2010/Auditorias
[2012-07-18 22:50:35] [INFO] ConvertPathToURI: SiteRoot=d:/proyectos/einsNull/cmsDemo/src/, Path: D:/proyectos/einsNull/cmsDemo/src/Trans/Informes/2010.xls -> URI: /Trans/Informes/2010.xls
[2012-07-18 22:52:01] [INFO] ConvertPathToURI: SiteRoot=d:/proyectos/einsNull/cmsDemo/src/, Path: D:/proyectos/einsNull/cmsDemo/src/Trans/Informes/auditorias2010/Auditorias -> URI: /Trans/Informes/auditorias2010/Auditorias
[2012-07-18 22:52:57] [INFO] ConvertPathToURI: SiteRoot=d:/proyectos/einsNull/cmsDemo/src/, Path: D:/proyectos/einsNull/cmsDemo/src/uploads/52_Convenios_con_otros_entes/18_Asesores.xls -> URI: /uploads/52_Convenios_con_otros_entes/18_Asesores.xls
[2012-07-18 22:52:59] [INFO] ConvertPathToURI: SiteRoot=d:/proyectos/einsNull/cmsDemo/src/, Path: D:/proyectos/einsNull/cmsDemo/src/uploads/52_Convenios_con_otros_entes/18_Asesores.xls -> URI: /uploads/52_Convenios_con_otros_entes/18_Asesores.xls
[2012-07-18 22:55:22] [INFO] ConvertPathToURI: SiteRoot=d:/proyectos/einsNull/cmsDemo/src/, Path: D:/proyectos/einsNull/cmsDemo/src/uploads/52_Convenios_con_otros_entes/18_Asesores.xls -> URI: /uploads/52_Convenios_con_otros_entes/18_Asesores.xls
[2012-07-18 22:55:24] [INFO] ConvertPathToURI: SiteRoot=d:/proyectos/einsNull/cmsDemo/src/, Path: D:/proyectos/einsNull/cmsDemo/src/uploads/52_Convenios_con_otros_entes/18_Asesores.xls -> URI: /uploads/52_Convenios_con_otros_entes/18_Asesores.xls
[2012-07-18 22:55:54] [INFO] ConvertPathToURI: SiteRoot=d:/proyectos/einsNull/cmsDemo/src/, Path: D:/proyectos/einsNull/cmsDemo/src/uploads/52_Convenios_con_otros_entes/18_Asesores.xls -> URI: /uploads/52_Convenios_con_otros_entes/18_Asesores.xls
[2012-07-18 22:56:02] [INFO] ConvertPathToURI: SiteRoot=d:/proyectos/einsNull/cmsDemo/src/, Path: D:/proyectos/einsNull/cmsDemo/src/uploads/52_Convenios_con_otros_entes/18_Asesores.xls -> URI: /uploads/52_Convenios_con_otros_entes/18_Asesores.xls
[2012-07-18 22:56:25] [INFO] ConvertPathToURI: SiteRoot=d:/proyectos/einsNull/cmsDemo/src/, Path: D:/proyectos/einsNull/cmsDemo/src/uploads/52_Convenios_con_otros_entes/18_Asesores.xls -> URI: /uploads/52_Convenios_con_otros_entes/18_Asesores.xls
[2012-07-18 22:59:07] [INFO] ConvertPathToURI: SiteRoot=d:/proyectos/einsNull/cmsDemo/src/, Path: D:/proyectos/einsNull/cmsDemo/src/Trans/Informes/auditorias2010 -> URI: /Trans/Informes/auditorias2010
[2012-07-18 22:59:13] [INFO] ConvertPathToURI: SiteRoot=d:/proyectos/einsNull/cmsDemo/src/, Path: D:/proyectos/einsNull/cmsDemo/src/Trans/Informes/2008-1.xls -> URI: /Trans/Informes/2008-1.xls
[2012-07-18 22:59:18] [INFO] ConvertPathToURI: SiteRoot=d:/proyectos/einsNull/cmsDemo/src/, Path: D:/proyectos/einsNull/cmsDemo/src/Trans/Informes/2008-1.xls -> URI: /Trans/Informes/2008-1.xls
[2012-07-18 22:59:24] [INFO] ConvertPathToURI: SiteRoot=d:/proyectos/einsNull/cmsDemo/src/, Path: D:/proyectos/einsNull/cmsDemo/src/Trans/Informes/recupera_2011 -> URI: /Trans/Informes/recupera_2011
[2012-07-18 22:59:29] [INFO] ConvertPathToURI: SiteRoot=d:/proyectos/einsNull/cmsDemo/src/, Path: D:/proyectos/einsNull/cmsDemo/src/Trans/Informes/recupera_2010 -> URI: /Trans/Informes/recupera_2010
[2012-07-18 22:59:34] [INFO] ConvertPathToURI: SiteRoot=d:/proyectos/einsNull/cmsDemo/src/, Path: D:/proyectos/einsNull/cmsDemo/src/Trans/Informes/auditorias2010 -> URI: /Trans/Informes/auditorias2010
[2012-07-18 23:02:59] [INFO] ConvertPathToURI: SiteRoot=d:/proyectos/einsNull/cmsDemo/src/, Path: D:/proyectos/einsNull/cmsDemo/src/Trans/Informes/auditorias2010/Auditorias -> URI: /Trans/Informes/auditorias2010/Auditorias
[2012-07-18 23:03:22] [INFO] ConvertPathToURI: SiteRoot=d:/proyectos/einsNull/cmsDemo/src/, Path: D:/proyectos/einsNull/cmsDemo/src/Trans/Informes/2010.xls -> URI: /Trans/Informes/2010.xls
[2012-07-18 23:35:15] [INFO] ConvertPathToURI: SiteRoot=d:/proyectos/einsNull/cmsDemo/src/, Path: D:/proyectos/einsNull/cmsDemo/src/Trans/Informes/auditorias2010/indice.htm -> URI: /Trans/Informes/auditorias2010/indice.htm
[2012-07-18 23:35:23] [INFO] ConvertPathToURI: SiteRoot=d:/proyectos/einsNull/cmsDemo/src/, Path: D:/proyectos/einsNull/cmsDemo/src/Trans/Informes/auditorias2010 -> URI: /Trans/Informes/auditorias2010
[2012-11-12 19:30:08] [INFO] ConvertPathToURI: SiteRoot=d:/proyectos/einsNull/cmsDemo/src/, Path: D:/proyectos/einsNull/cmsDemo/src/uploads/55_Informes_de_auditoria/the_mask_by_panfla-d4t6b0o.png -> URI: /uploads/55_Informes_de_auditoria/the_mask_by_panfla-d4t6b0o.png
[2012-11-12 19:30:17] [INFO] ConvertPathToURI: SiteRoot=d:/proyectos/einsNull/cmsDemo/src/, Path: D:/proyectos/einsNull/cmsDemo/src/uploads/55_Informes_de_auditoria/the_mask_by_panfla-d4t6b0o.png -> URI: /uploads/55_Informes_de_auditoria/the_mask_by_panfla-d4t6b0o.png
[2012-11-12 19:30:35] [INFO] ConvertURIToPath: SiteRoot=d:/proyectos/einsNull/cmsDemo/src, URI: /asf/uploads/55_Informes_de_auditoria -> Path: d:/proyectos/einsNull/cmsDemo/src/asf/uploads/55_Informes_de_auditoria
[2012-11-12 19:31:06] [INFO] ConvertURIToPath: SiteRoot=d:/proyectos/einsNull/cmsDemo/src, URI: /asf/uploads/55_Informes_de_auditoria -> Path: d:/proyectos/einsNull/cmsDemo/src/asf/uploads/55_Informes_de_auditoria
[2012-11-12 19:31:08] [INFO] ConvertPathToURI: SiteRoot=d:/proyectos/einsNull/cmsDemo/src/, Path: D:/proyectos/einsNull/cmsDemo/src/uploads/55_Informes_de_auditoria/the_mask_by_panfla-d4t6b0o.png -> URI: /uploads/55_Informes_de_auditoria/the_mask_by_panfla-d4t6b0o.png
[2012-11-12 19:31:11] [INFO] ConvertPathToURI: SiteRoot=d:/proyectos/einsNull/cmsDemo/src/, Path: D:/proyectos/einsNull/cmsDemo/src/uploads/55_Informes_de_auditoria/the_mask_by_panfla-d4t6b0o.png -> URI: /uploads/55_Informes_de_auditoria/the_mask_by_panfla-d4t6b0o.png
[2012-11-12 19:31:13] [INFO] ConvertPathToURI: SiteRoot=d:/proyectos/einsNull/cmsDemo/src/, Path: D:/proyectos/einsNull/cmsDemo/src/uploads/55_Informes_de_auditoria/the_mask_by_panfla-d4t6b0o.png -> URI: /uploads/55_Informes_de_auditoria/the_mask_by_panfla-d4t6b0o.png
[2012-11-12 19:31:14] [INFO] ConvertPathToURI: SiteRoot=d:/proyectos/einsNull/cmsDemo/src/, Path: D:/proyectos/einsNull/cmsDemo/src/uploads/55_Informes_de_auditoria/the_mask_by_panfla-d4t6b0o.png -> URI: /uploads/55_Informes_de_auditoria/the_mask_by_panfla-d4t6b0o.png
[2012-11-12 19:31:16] [INFO] ConvertPathToURI: SiteRoot=d:/proyectos/einsNull/cmsDemo/src/, Path: D:/proyectos/einsNull/cmsDemo/src/uploads/55_Informes_de_auditoria/the_mask_by_panfla-d4t6b0o.png -> URI: /uploads/55_Informes_de_auditoria/the_mask_by_panfla-d4t6b0o.png
[2012-11-12 19:31:16] [INFO] ConvertPathToURI: SiteRoot=d:/proyectos/einsNull/cmsDemo/src/, Path: D:/proyectos/einsNull/cmsDemo/src/uploads/55_Informes_de_auditoria/the_mask_by_panfla-d4t6b0o.png -> URI: /uploads/55_Informes_de_auditoria/the_mask_by_panfla-d4t6b0o.png
[2012-11-12 19:31:17] [INFO] ConvertPathToURI: SiteRoot=d:/proyectos/einsNull/cmsDemo/src/, Path: D:/proyectos/einsNull/cmsDemo/src/uploads/55_Informes_de_auditoria/the_mask_by_panfla-d4t6b0o.png -> URI: /uploads/55_Informes_de_auditoria/the_mask_by_panfla-d4t6b0o.png
[2012-11-12 19:31:19] [INFO] ConvertPathToURI: SiteRoot=d:/proyectos/einsNull/cmsDemo/src/, Path: D:/proyectos/einsNull/cmsDemo/src/uploads/55_Informes_de_auditoria/the_mask_by_panfla-d4t6b0o.png -> URI: /uploads/55_Informes_de_auditoria/the_mask_by_panfla-d4t6b0o.png
[2012-11-12 19:31:26] [INFO] ConvertURIToPath: SiteRoot=d:/proyectos/einsNull/cmsDemo/src, URI: /asf/uploads/55_Informes_de_auditoria -> Path: d:/proyectos/einsNull/cmsDemo/src/asf/uploads/55_Informes_de_auditoria
[2012-11-12 19:31:47] [INFO] ConvertPathToURI: SiteRoot=d:/proyectos/einsNull/cmsDemo/src/, Path: D:/proyectos/einsNull/cmsDemo/src/uploads/55_Informes_de_auditoria/Evaluacion_temas_1_2_y_3_-_B.pdf -> URI: /uploads/55_Informes_de_auditoria/Evaluacion_temas_1_2_y_3_-_B.pdf
[2012-11-12 19:31:52] [INFO] ConvertPathToURI: SiteRoot=d:/proyectos/einsNull/cmsDemo/src/, Path: D:/proyectos/einsNull/cmsDemo/src/uploads/55_Informes_de_auditoria/Evaluacion_temas_1_2_y_3_-_B.pdf -> URI: /uploads/55_Informes_de_auditoria/Evaluacion_temas_1_2_y_3_-_B.pdf
[2012-11-12 19:31:55] [INFO] ConvertPathToURI: SiteRoot=d:/proyectos/einsNull/cmsDemo/src/, Path: D:/proyectos/einsNull/cmsDemo/src/uploads/55_Informes_de_auditoria/Evaluacion_temas_1_2_y_3_-_B.pdf -> URI: /uploads/55_Informes_de_auditoria/Evaluacion_temas_1_2_y_3_-_B.pdf
[2012-11-12 19:32:00] [INFO] ConvertURIToPath: SiteRoot=d:/proyectos/einsNull/cmsDemo/src, URI: /asf/uploads/55_Informes_de_auditoria -> Path: d:/proyectos/einsNull/cmsDemo/src/asf/uploads/55_Informes_de_auditoria
[2012-11-12 19:32:03] [INFO] ConvertPathToURI: SiteRoot=d:/proyectos/einsNull/cmsDemo/src/, Path: D:/proyectos/einsNull/cmsDemo/src/uploads/55_Informes_de_auditoria/Evaluacion_temas_1_2_y_3_-_B.pdf -> URI: /uploads/55_Informes_de_auditoria/Evaluacion_temas_1_2_y_3_-_B.pdf
[2012-11-12 19:32:04] [INFO] ConvertPathToURI: SiteRoot=d:/proyectos/einsNull/cmsDemo/src/, Path: D:/proyectos/einsNull/cmsDemo/src/uploads/55_Informes_de_auditoria/Evaluacion_temas_1_2_y_3_-_B.pdf -> URI: /uploads/55_Informes_de_auditoria/Evaluacion_temas_1_2_y_3_-_B.pdf
[2012-11-12 19:32:29] [INFO] ConvertURIToPath: SiteRoot=d:/proyectos/einsNull/cmsDemo/src, URI: /asf/uploads/55_Informes_de_auditoria -> Path: d:/proyectos/einsNull/cmsDemo/src/asf/uploads/55_Informes_de_auditoria
[2012-11-12 19:32:32] [INFO] ConvertPathToURI: SiteRoot=d:/proyectos/einsNull/cmsDemo/src/, Path: D:/proyectos/einsNull/cmsDemo/src/uploads/55_Informes_de_auditoria/Evaluacion_temas_1_2_y_3_-_B.pdf -> URI: /uploads/55_Informes_de_auditoria/Evaluacion_temas_1_2_y_3_-_B.pdf
[2012-11-12 19:35:59] [INFO] ConvertPathToURI: SiteRoot=d:/proyectos/einsNull/cmsDemo/src/, Path: D:/proyectos/einsNull/cmsDemo/src/uploads/55_Informes_de_auditoria/Evaluacion_temas_1_2_y_3_-_B.pdf -> URI: /uploads/55_Informes_de_auditoria/Evaluacion_temas_1_2_y_3_-_B.pdf
[2012-11-12 19:37:21] [INFO] ConvertPathToURI: SiteRoot=d:/proyectos/einsNull/cmsDemo/src/, Path: D:/proyectos/einsNull/cmsDemo/src/Trans/Informes/recupera_2011/DETALLE.PDF -> URI: /Trans/Informes/recupera_2011/DETALLE.PDF
[2012-11-12 19:37:31] [INFO] ConvertPathToURI: SiteRoot=d:/proyectos/einsNull/cmsDemo/src/, Path: D:/proyectos/einsNull/cmsDemo/src/Trans/Informes/auditorias2010/Grupos -> URI: /Trans/Informes/auditorias2010/Grupos
[2012-11-12 19:37:39] [INFO] ConvertPathToURI: SiteRoot=d:/proyectos/einsNull/cmsDemo/src/, Path: D:/proyectos/einsNull/cmsDemo/src/Trans/Informes/auditorias2010 -> URI: /Trans/Informes/auditorias2010
[2012-11-12 19:37:48] [INFO] ConvertPathToURI: SiteRoot=d:/proyectos/einsNull/cmsDemo/src/, Path: D:/proyectos/einsNull/cmsDemo/src/Trans/Informes/recupera_2011/Docsop.htm -> URI: /Trans/Informes/recupera_2011/Docsop.htm
[2012-11-12 19:37:55] [INFO] ConvertPathToURI: SiteRoot=d:/proyectos/einsNull/cmsDemo/src/, Path: D:/proyectos/einsNull/cmsDemo/src/Trans/Informes/2008-1.xls -> URI: /Trans/Informes/2008-1.xls
[2012-11-12 19:38:00] [INFO] ConvertPathToURI: SiteRoot=d:/proyectos/einsNull/cmsDemo/src/, Path: D:/proyectos/einsNull/cmsDemo/src/Trans/Informes/2008-1.xls -> URI: /Trans/Informes/2008-1.xls
[2012-11-12 19:38:10] [INFO] ConvertPathToURI: SiteRoot=d:/proyectos/einsNull/cmsDemo/src/, Path: D:/proyectos/einsNull/cmsDemo/src/Trans/Informes/recupera_2010/Detalle99_2007 -> URI: /Trans/Informes/recupera_2010/Detalle99_2007
[2012-11-12 19:38:15] [INFO] ConvertPathToURI: SiteRoot=d:/proyectos/einsNull/cmsDemo/src/, Path: D:/proyectos/einsNull/cmsDemo/src/Trans/Informes/2008-1.xls -> URI: /Trans/Informes/2008-1.xls
[2012-11-12 19:39:03] [INFO] ConvertPathToURI: SiteRoot=d:/proyectos/einsNull/cmsDemo/src/, Path: D:/proyectos/einsNull/cmsDemo/src/Trans/Informes/recupera_2011 -> URI: /Trans/Informes/recupera_2011
[2012-11-12 19:42:45] [INFO] ConvertPathToURI: SiteRoot=d:/proyectos/einsNull/cmsDemo/src/, Path: D:/proyectos/einsNull/cmsDemo/src/Trans/Informes/auditorias2010 -> URI: /Trans/Informes/auditorias2010
[2012-11-12 19:42:51] [INFO] ConvertPathToURI: SiteRoot=d:/proyectos/einsNull/cmsDemo/src/, Path: D:/proyectos/einsNull/cmsDemo/src/Trans/Informes/2010.xls -> URI: /Trans/Informes/2010.xls
[2012-11-12 19:43:05] [INFO] ConvertPathToURI: SiteRoot=d:/proyectos/einsNull/cmsDemo/src/, Path: D:/proyectos/einsNull/cmsDemo/src/Trans/Informes/auditorias2010/Auditorias -> URI: /Trans/Informes/auditorias2010/Auditorias
[2012-11-15 21:42:53] [INFO] ConvertPathToURI: SiteRoot=d:/proyectos/einsNull/cmsDemo/src/, Path: D:/proyectos/einsNull/cmsDemo/src/Trans/Informes/auditorias2010/Auditorias -> URI: /Trans/Informes/auditorias2010/Auditorias
[2012-11-15 21:43:00] [INFO] ConvertPathToURI: SiteRoot=d:/proyectos/einsNull/cmsDemo/src/, Path: D:/proyectos/einsNull/cmsDemo/src/Trans/Informes/2010.xls -> URI: /Trans/Informes/2010.xls
[2012-11-21 19:43:41] [INFO] ConvertPathToURI: SiteRoot=d:/proyectos/einsNull/cmsDemo/src/, Path: D:/proyectos/einsNull/cmsDemo/src/Trans/Informes/2008-1.xls -> URI: /Trans/Informes/2008-1.xls
[2012-12-01 18:57:20] [INFO] ConvertPathToURI: SiteRoot=d:/proyectos/einsNull/cmsDemo/src/, Path: D:/proyectos/einsNull/cmsDemo/src/uploads/83_Marco_Normativo/how-to-draw-an-anime-cartoon-baby-panda-bear.jpg -> URI: /uploads/83_Marco_Normativo/how-to-draw-an-anime-cartoon-baby-panda-bear.jpg
[2012-12-01 18:57:28] [INFO] ConvertPathToURI: SiteRoot=d:/proyectos/einsNull/cmsDemo/src/, Path: D:/proyectos/einsNull/cmsDemo/src/uploads/83_Marco_Normativo/how-to-draw-an-anime-cartoon-baby-panda-bear.jpg -> URI: /uploads/83_Marco_Normativo/how-to-draw-an-anime-cartoon-baby-panda-bear.jpg
[2012-12-01 20:02:02] [INFO] ConvertPathToURI: SiteRoot=d:/proyectos/einsNull/cmsDemo/src/, Path: D:/proyectos/einsNull/cmsDemo/src/uploads/81_ASF_ninos/Confirmacion_de_Itinerario.pdf -> URI: /uploads/81_ASF_ninos/Confirmacion_de_Itinerario.pdf
[2012-12-01 20:02:13] [INFO] ConvertPathToURI: SiteRoot=d:/proyectos/einsNull/cmsDemo/src/, Path: D:/proyectos/einsNull/cmsDemo/src/uploads/81_ASF_ninos/Confirmacion_de_Itinerario.pdf -> URI: /uploads/81_ASF_ninos/Confirmacion_de_Itinerario.pdf
[2012-12-01 20:02:28] [INFO] ConvertPathToURI: SiteRoot=d:/proyectos/einsNull/cmsDemo/src/, Path: D:/proyectos/einsNull/cmsDemo/src/uploads/81_ASF_ninos/Confirmacion_de_Itinerario.pdf -> URI: /uploads/81_ASF_ninos/Confirmacion_de_Itinerario.pdf
[2012-12-01 20:07:11] [INFO] ConvertPathToURI: SiteRoot=d:/proyectos/einsNull/cmsDemo/src/, Path: D:/proyectos/einsNull/cmsDemo/src/uploads/81_ASF_ninos/Confirmacion_de_Itinerario.pdf -> URI: /uploads/81_ASF_ninos/Confirmacion_de_Itinerario.pdf
[2012-12-01 20:20:52] [INFO] ConvertPathToURI: SiteRoot=d:/proyectos/einsNull/cmsDemo/src/, Path: D:/proyectos/einsNull/cmsDemo/src/uploads/81_ASF_ninos/Confirmacion_de_Itinerario.pdf -> URI: /uploads/81_ASF_ninos/Confirmacion_de_Itinerario.pdf
[2012-12-01 20:21:19] [INFO] ConvertPathToURI: SiteRoot=d:/proyectos/einsNull/cmsDemo/src/, Path: D:/proyectos/einsNull/cmsDemo/src/uploads/81_ASF_ninos/Confirmacion_de_Itinerario.pdf -> URI: /uploads/81_ASF_ninos/Confirmacion_de_Itinerario.pdf
[2012-12-01 20:21:39] [INFO] ConvertPathToURI: SiteRoot=d:/proyectos/einsNull/cmsDemo/src/, Path: D:/proyectos/einsNull/cmsDemo/src/uploads/81_ASF_ninos/Confirmacion_de_Itinerario.pdf -> URI: /uploads/81_ASF_ninos/Confirmacion_de_Itinerario.pdf
[2012-12-01 20:24:54] [INFO] ConvertPathToURI: SiteRoot=d:/proyectos/einsNull/cmsDemo/src/, Path: D:/proyectos/einsNull/cmsDemo/src/uploads/81_ASF_ninos/Confirmacion_de_Itinerario.pdf -> URI: /uploads/81_ASF_ninos/Confirmacion_de_Itinerario.pdf
[2012-12-01 20:25:33] [INFO] ConvertPathToURI: SiteRoot=d:/proyectos/einsNull/cmsDemo/src/, Path: D:/proyectos/einsNull/cmsDemo/src/uploads/81_ASF_ninos/Confirmacion_de_Itinerario.pdf -> URI: /uploads/81_ASF_ninos/Confirmacion_de_Itinerario.pdf
[2012-12-01 22:09:58] [INFO] ConvertPathToURI: SiteRoot=d:/proyectos/einsNull/cmsDemo/src/, Path: D:/proyectos/einsNull/cmsDemo/src/uploads/21_/2007.xls -> URI: /uploads/21_/2007.xls
[2012-12-01 22:14:36] [INFO] ConvertPathToURI: SiteRoot=d:/proyectos/einsNull/cmsDemo/src/, Path: D:/proyectos/einsNull/cmsDemo/src/uploads/21_/BAJATEMP_amcd071658.pdf -> URI: /uploads/21_/BAJATEMP_amcd071658.pdf
[2012-12-03 10:41:59] [INFO] ConvertPathToURI: SiteRoot=d:/proyectos/einsNull/cmsDemo/src/, Path: D:/proyectos/einsNull/cmsDemo/src/Trans/Informes/auditorias2010/Auditorias -> URI: /Trans/Informes/auditorias2010/Auditorias
[2012-12-03 10:42:06] [INFO] ConvertPathToURI: SiteRoot=d:/proyectos/einsNull/cmsDemo/src/, Path: D:/proyectos/einsNull/cmsDemo/src/Trans/Informes/2010.xls -> URI: /Trans/Informes/2010.xls
[2012-12-03 10:56:31] [INFO] ConvertPathToURI: SiteRoot=d:/proyectos/einsNull/cmsDemo/src/, Path: D:/proyectos/einsNull/cmsDemo/src/Trans/Informes/auditorias2010/indice.htm -> URI: /Trans/Informes/auditorias2010/indice.htm
[2012-12-03 10:56:41] [INFO] ConvertPathToURI: SiteRoot=d:/proyectos/einsNull/cmsDemo/src/, Path: D:/proyectos/einsNull/cmsDemo/src/Trans/Informes/auditorias2010/indice.htm -> URI: /Trans/Informes/auditorias2010/indice.htm
[2012-12-03 10:56:57] [INFO] ConvertPathToURI: SiteRoot=d:/proyectos/einsNull/cmsDemo/src/, Path: D:/proyectos/einsNull/cmsDemo/src/Trans/Informes/auditorias2010/Tomos/EJECUTIVO.pdf -> URI: /Trans/Informes/auditorias2010/Tomos/EJECUTIVO.pdf
[2012-12-03 10:57:02] [INFO] ConvertPathToURI: SiteRoot=d:/proyectos/einsNull/cmsDemo/src/, Path: D:/proyectos/einsNull/cmsDemo/src/Trans/Informes/auditorias2010 -> URI: /Trans/Informes/auditorias2010
[2012-12-03 13:07:05] [INFO] ConvertPathToURI: SiteRoot=d:/proyectos/einsNull/cmsDemo/src/, Path: D:/proyectos/einsNull/cmsDemo/src/Trans/Informes/recupera_2010 -> URI: /Trans/Informes/recupera_2010
[2012-12-03 13:43:25] [INFO] ConvertPathToURI: SiteRoot=d:/proyectos/einsNull/cmsDemo/src/, Path: D:/proyectos/einsNull/cmsDemo/src/Trans/Informes/Auditorias2008 -> URI: /Trans/Informes/Auditorias2008
[2012-12-03 13:43:32] [INFO] ConvertPathToURI: SiteRoot=d:/proyectos/einsNull/cmsDemo/src/, Path: D:/proyectos/einsNull/cmsDemo/src/Trans/Informes/2008-1.xls -> URI: /Trans/Informes/2008-1.xls
[2012-12-03 13:53:50] [INFO] ConvertPathToURI: SiteRoot=d:/proyectos/einsNull/cmsDemo/src/, Path: D:/proyectos/einsNull/cmsDemo/src/Trans/Informes/Auditorias2008 -> URI: /Trans/Informes/Auditorias2008
[2012-12-03 13:54:48] [INFO] ConvertPathToURI: SiteRoot=d:/proyectos/einsNull/cmsDemo/src/, Path: D:/proyectos/einsNull/cmsDemo/src/Trans/Informes/Auditorias2008 -> URI: /Trans/Informes/Auditorias2008
[2012-12-03 13:54:53] [INFO] ConvertPathToURI: SiteRoot=d:/proyectos/einsNull/cmsDemo/src/, Path: D:/proyectos/einsNull/cmsDemo/src/Trans/Informes/2008-1.xls -> URI: /Trans/Informes/2008-1.xls
[2012-12-03 14:14:05] [INFO] ConvertPathToURI: SiteRoot=d:/proyectos/einsNull/cmsDemo/src/, Path: D:/proyectos/einsNull/cmsDemo/src/Trans/Informes/Auditorias2008 -> URI: /Trans/Informes/Auditorias2008
[2012-12-03 14:14:09] [INFO] ConvertPathToURI: SiteRoot=d:/proyectos/einsNull/cmsDemo/src/, Path: D:/proyectos/einsNull/cmsDemo/src/Trans/Informes/2008-1.xls -> URI: /Trans/Informes/2008-1.xls
[2012-12-03 14:15:55] [INFO] ConvertPathToURI: SiteRoot=d:/proyectos/einsNull/cmsDemo/src/, Path: D:/proyectos/einsNull/cmsDemo/src/Trans/Informes/Auditorias2008 -> URI: /Trans/Informes/Auditorias2008
[2012-12-03 14:16:05] [INFO] ConvertPathToURI: SiteRoot=d:/proyectos/einsNull/cmsDemo/src/, Path: D:/proyectos/einsNull/cmsDemo/src/Trans/Informes/Auditorias2008/general.htm -> URI: /Trans/Informes/Auditorias2008/general.htm
[2012-12-03 14:24:37] [INFO] ConvertPathToURI: SiteRoot=d:/proyectos/einsNull/cmsDemo/src/, Path: D:/proyectos/einsNull/cmsDemo/src/Trans/Informes/Auditorias2009 -> URI: /Trans/Informes/Auditorias2009
[2012-12-03 14:24:41] [INFO] ConvertPathToURI: SiteRoot=d:/proyectos/einsNull/cmsDemo/src/, Path: D:/proyectos/einsNull/cmsDemo/src/Trans/Informes/2009.xlsx -> URI: /Trans/Informes/2009.xlsx
[2012-12-03 14:26:24] [INFO] ConvertPathToURI: SiteRoot=d:/proyectos/einsNull/cmsDemo/src/, Path: D:/proyectos/einsNull/cmsDemo/src/Trans/Informes/Auditorias2009 -> URI: /Trans/Informes/Auditorias2009
[2012-12-03 14:26:33] [INFO] ConvertPathToURI: SiteRoot=d:/proyectos/einsNull/cmsDemo/src/, Path: D:/proyectos/einsNull/cmsDemo/src/Trans/Informes/Auditorias2009/audit6.htm -> URI: /Trans/Informes/Auditorias2009/audit6.htm
[2012-12-03 14:40:15] [INFO] ConvertPathToURI: SiteRoot=d:/proyectos/einsNull/cmsDemo/src/, Path: D:/proyectos/einsNull/cmsDemo/src/Trans/Informes/Auditorias2009 -> URI: /Trans/Informes/Auditorias2009
[2012-12-03 14:40:25] [INFO] ConvertPathToURI: SiteRoot=d:/proyectos/einsNull/cmsDemo/src/, Path: D:/proyectos/einsNull/cmsDemo/src/Trans/Informes/2009.xlsx -> URI: /Trans/Informes/2009.xlsx
[2012-12-03 19:32:01] [INFO] ConvertPathToURI: SiteRoot=d:/proyectos/einsNull/cmsDemo/src/, Path: D:/proyectos/einsNull/cmsDemo/src/Trans/Informes/auditorias2010 -> URI: /Trans/Informes/auditorias2010
[2012-12-03 19:32:23] [INFO] ConvertPathToURI: SiteRoot=d:/proyectos/einsNull/cmsDemo/src/, Path: D:/proyectos/einsNull/cmsDemo/src/Trans/Informes/auditorias2010/indice.htm -> URI: /Trans/Informes/auditorias2010/indice.htm
[2012-12-03 19:32:55] [INFO] ConvertPathToURI: SiteRoot=d:/proyectos/einsNull/cmsDemo/src/, Path: D:/proyectos/einsNull/cmsDemo/src/Trans/Informes/auditorias2010/Tomos/EJECUTIVO.pdf -> URI: /Trans/Informes/auditorias2010/Tomos/EJECUTIVO.pdf
[2012-12-03 19:33:23] [INFO] ConvertPathToURI: SiteRoot=d:/proyectos/einsNull/cmsDemo/src/, Path: D:/proyectos/einsNull/cmsDemo/src/Trans/Informes/auditorias2010/Auditorias -> URI: /Trans/Informes/auditorias2010/Auditorias
[2012-12-03 19:33:34] [INFO] ConvertPathToURI: SiteRoot=d:/proyectos/einsNull/cmsDemo/src/, Path: D:/proyectos/einsNull/cmsDemo/src/Trans/Informes/2010.xls -> URI: /Trans/Informes/2010.xls
[2012-12-03 19:37:39] [INFO] ConvertPathToURI: SiteRoot=d:/proyectos/einsNull/cmsDemo/src/, Path: D:/proyectos/einsNull/cmsDemo/src/Trans/Informes/auditorias2010 -> URI: /Trans/Informes/auditorias2010
[2012-12-03 19:37:49] [INFO] ConvertPathToURI: SiteRoot=d:/proyectos/einsNull/cmsDemo/src/, Path: D:/proyectos/einsNull/cmsDemo/src/Trans/Informes/auditorias2010/indice.htm -> URI: /Trans/Informes/auditorias2010/indice.htm
[2012-12-03 19:38:00] [INFO] ConvertPathToURI: SiteRoot=d:/proyectos/einsNull/cmsDemo/src/, Path: D:/proyectos/einsNull/cmsDemo/src/Trans/Informes/auditorias2010/Tomos/EJECUTIVO.pdf -> URI: /Trans/Informes/auditorias2010/Tomos/EJECUTIVO.pdf
[2012-12-03 19:49:57] [INFO] ConvertPathToURI: SiteRoot=d:/proyectos/einsNull/cmsDemo/src/, Path: D:/proyectos/einsNull/cmsDemo/src/Trans/Informes/ir2009i -> URI: /Trans/Informes/ir2009i
[2012-12-03 19:50:03] [INFO] ConvertPathToURI: SiteRoot=d:/proyectos/einsNull/cmsDemo/src/, Path: D:/proyectos/einsNull/cmsDemo/src/Trans/Informes/ir2009i/indice.htm -> URI: /Trans/Informes/ir2009i/indice.htm
[2012-12-03 19:50:14] [INFO] ConvertPathToURI: SiteRoot=d:/proyectos/einsNull/cmsDemo/src/, Path: D:/proyectos/einsNull/cmsDemo/src/Trans/Informes/ir2009i/Tomos/Ejecutivo.pdf -> URI: /Trans/Informes/ir2009i/Tomos/Ejecutivo.pdf
[2012-12-03 19:50:32] [INFO] ConvertPathToURI: SiteRoot=d:/proyectos/einsNull/cmsDemo/src/, Path: D:/proyectos/einsNull/cmsDemo/src/Trans/Informes/ir2009i/Auditorias -> URI: /Trans/Informes/ir2009i/Auditorias
[2012-12-03 19:50:40] [INFO] ConvertPathToURI: SiteRoot=d:/proyectos/einsNull/cmsDemo/src/, Path: D:/proyectos/einsNull/cmsDemo/src/Trans/Informes/2009.xlsx -> URI: /Trans/Informes/2009.xlsx
[2012-12-03 20:00:39] [INFO] ConvertPathToURI: SiteRoot=d:/proyectos/einsNull/cmsDemo/src/, Path: D:/proyectos/einsNull/cmsDemo/src/Trans/Informes/ir2008i -> URI: /Trans/Informes/ir2008i
[2012-12-03 20:00:45] [INFO] ConvertPathToURI: SiteRoot=d:/proyectos/einsNull/cmsDemo/src/, Path: D:/proyectos/einsNull/cmsDemo/src/Trans/Informes/2008.xls -> URI: /Trans/Informes/2008.xls
[2012-12-03 20:00:58] [INFO] ConvertPathToURI: SiteRoot=d:/proyectos/einsNull/cmsDemo/src/, Path: D:/proyectos/einsNull/cmsDemo/src/Trans/Informes/ir2008i/Auditorias -> URI: /Trans/Informes/ir2008i/Auditorias
[2012-12-03 20:01:39] [INFO] ConvertPathToURI: SiteRoot=d:/proyectos/einsNull/cmsDemo/src/, Path: D:/proyectos/einsNull/cmsDemo/src/Trans/Informes/ir2008i -> URI: /Trans/Informes/ir2008i
[2012-12-03 20:01:46] [INFO] ConvertPathToURI: SiteRoot=d:/proyectos/einsNull/cmsDemo/src/, Path: D:/proyectos/einsNull/cmsDemo/src/Trans/Informes/ir2008i/indice.htm -> URI: /Trans/Informes/ir2008i/indice.htm
[2012-12-03 20:01:55] [INFO] ConvertPathToURI: SiteRoot=d:/proyectos/einsNull/cmsDemo/src/, Path: D:/proyectos/einsNull/cmsDemo/src/Trans/Informes/ir2008i/tomos/Ejecutivo.pdf -> URI: /Trans/Informes/ir2008i/tomos/Ejecutivo.pdf
[2012-12-03 20:04:12] [INFO] ConvertPathToURI: SiteRoot=d:/proyectos/einsNull/cmsDemo/src/, Path: D:/proyectos/einsNull/cmsDemo/src/Trans/Informes/ir2007i/Auditorias -> URI: /Trans/Informes/ir2007i/Auditorias
[2012-12-03 20:04:37] [INFO] ConvertPathToURI: SiteRoot=d:/proyectos/einsNull/cmsDemo/src/, Path: D:/proyectos/einsNull/cmsDemo/src/Trans/Informes/2007.xlsx -> URI: /Trans/Informes/2007.xlsx
[2012-12-03 20:12:55] [INFO] ConvertPathToURI: SiteRoot=d:/proyectos/einsNull/cmsDemo/src/, Path: D:/proyectos/einsNull/cmsDemo/src/Trans/Informes/recupera_2010 -> URI: /Trans/Informes/recupera_2010
[2012-12-03 20:15:49] [INFO] ConvertPathToURI: SiteRoot=d:/proyectos/einsNull/cmsDemo/src/, Path: D:/proyectos/einsNull/cmsDemo/src/Trans/Informes/recupera_2011 -> URI: /Trans/Informes/recupera_2011
[2012-12-03 20:19:15] [INFO] ConvertPathToURI: SiteRoot=d:/proyectos/einsNull/cmsDemo/src/, Path: D:/proyectos/einsNull/cmsDemo/src/Trans/Informes/ir2008i/Auditorias -> URI: /Trans/Informes/ir2008i/Auditorias
[2012-12-03 20:19:24] [INFO] ConvertPathToURI: SiteRoot=d:/proyectos/einsNull/cmsDemo/src/, Path: D:/proyectos/einsNull/cmsDemo/src/Trans/Informes/2008.xls -> URI: /Trans/Informes/2008.xls
[2012-12-17 18:56:54] [INFO] ConvertPathToURI: SiteRoot=d:/proyectos/einsNull/cmsDemo/src/, Path: D:/proyectos/einsNull/cmsDemo/src/Trans/Informes/recupera_2010 -> URI: /Trans/Informes/recupera_2010
[2013-06-28 12:53:39] [INFO] ConvertPathToURI: SiteRoot=d:/proyectos/einsNull/cmsDemo/src/, Path: D:/proyectos/einsNull/cmsDemo/src/Trans/Informes/Ir2002i -> URI: /Trans/Informes/Ir2002i
[2013-06-28 12:53:51] [INFO] ConvertPathToURI: SiteRoot=d:/proyectos/einsNull/cmsDemo/src/, Path: D:/proyectos/einsNull/cmsDemo/src/Trans/Informes/ir2007i -> URI: /Trans/Informes/ir2007i
[2013-06-28 12:53:51] [INFO] ConvertPathToURI: SiteRoot=d:/proyectos/einsNull/cmsDemo/src/, Path: D:/proyectos/einsNull/cmsDemo/src/Trans/Informes/2000.xlsx -> URI: Trans/Informes/2000.xlsx
